[    0.000000] Initializing cgroup subsys cpuset
[    0.000000] Initializing cgroup subsys cpu
[    0.000000] Initializing cgroup subsys cpuacct
[    0.000000] Linux version 4.4.0-64-generic (buildd@lgw01-56) (gcc version 5.4.0 20160609 (Ubuntu 5.4.0-6ubuntu1~16.04.4) ) #85-Ubuntu SMP Mon Feb 20 11:50:30 UTC 2017 (Ubuntu 4.4.0-64.85-generic 4.4.44)
[    0.000000] Command line: BOOT_IMAGE=/boot/vmlinuz-4.4.0-64-generic root=LABEL=cloudimg-rootfs ro console=tty1 console=ttyS0
[    0.000000] KERNEL supported cpus:
[    0.000000]   Intel GenuineIntel
[    0.000000]   AMD AuthenticAMD
[    0.000000]   Centaur CentaurHauls
[    0.000000] x86/fpu: xstate_offset[2]:  576, xstate_sizes[2]:  256
[    0.000000] x86/fpu: Supporting XSAVE feature 0x01: 'x87 floating point registers'
[    0.000000] x86/fpu: Supporting XSAVE feature 0x02: 'SSE registers'
[    0.000000] x86/fpu: Supporting XSAVE feature 0x04: 'AVX registers'
[    0.000000] x86/fpu: Enabled xstate features x7, context size is 832 bytes, using 'standard' format.
[    0.000000] x86/fpu: Using 'lazy' FPU context switches.
[    0.000000] e820: BIOS-provided physical RAM map:
[    0.000000] BIOS-e820: [mem 0x0000000000000000-0x000000000009fbff] usable
[    0.000000] BIOS-e820: [mem 0x000000000009fc00-0x000000000009ffff] reserved
[    0.000000] BIOS-e820: [mem 0x00000000000f0000-0x00000000000fffff] reserved
[    0.000000] BIOS-e820: [mem 0x0000000000100000-0x000000003ffeffff] usable
[    0.000000] BIOS-e820: [mem 0x000000003fff0000-0x000000003fffffff] ACPI data
[    0.000000] BIOS-e820: [mem 0x00000000fec00000-0x00000000fec00fff] reserved
[    0.000000] BIOS-e820: [mem 0x00000000fee00000-0x00000000fee00fff] reserved
[    0.000000] BIOS-e820: [mem 0x00000000fffc0000-0x00000000ffffffff] reserved
[    0.000000] NX (Execute Disable) protection: active
[    0.000000] SMBIOS 2.5 present.
[    0.000000] Hypervisor detected: KVM
[    0.000000] e820: last_pfn = 0x3fff0 max_arch_pfn = 0x400000000
[    0.000000] MTRR: Disabled
[    0.000000] x86/PAT: MTRRs disabled, skipping PAT initialization too.
[    0.000000] x86/PAT: Configuration [0-7]: WB  WT  UC- UC  WB  WT  UC- UC  
[    0.000000] CPU MTRRs all blank - virtualized system.
[    0.000000] found SMP MP-table at [mem 0x0009fff0-0x0009ffff] mapped at [ffff88000009fff0]
[    0.000000] Scanning 1 areas for low memory corruption
[    0.000000] RAMDISK: [mem 0x36ac4000-0x37559fff]
[    0.000000] ACPI: Early table checksum verification disabled
[    0.000000] ACPI: RSDP 0x00000000000E0000 000024 (v02 VBOX  )
[    0.000000] ACPI: XSDT 0x000000003FFF0030 00003C (v01 VBOX   VBOXXSDT 00000001 ASL  00000061)
[    0.000000] ACPI: FACP 0x000000003FFF00F0 0000F4 (v04 VBOX   VBOXFACP 00000001 ASL  00000061)
[    0.000000] ACPI: DSDT 0x000000003FFF0470 0021C8 (v02 VBOX   VBOXBIOS 00000002 INTL 20100528)
[    0.000000] ACPI: FACS 0x000000003FFF0200 000040
[    0.000000] ACPI: FACS 0x000000003FFF0200 000040
[    0.000000] ACPI: APIC 0x000000003FFF0240 00005C (v02 VBOX   VBOXAPIC 00000001 ASL  00000061)
[    0.000000] ACPI: SSDT 0x000000003FFF02A0 0001CC (v01 VBOX   VBOXCPUT 00000002 INTL 20100528)
[    0.000000] No NUMA configuration found
[    0.000000] Faking a node at [mem 0x0000000000000000-0x000000003ffeffff]
[    0.000000] NODE_DATA(0) allocated [mem 0x3ffeb000-0x3ffeffff]
[    0.000000] kvm-clock: Using msrs 4b564d01 and 4b564d00
[    0.000000] kvm-clock: cpu 0, msr 0:3ffe3001, primary cpu clock
[    0.000000] kvm-clock: using sched offset of 3269613965 cycles
[    0.000000] clocksource: kvm-clock: mask: 0xffffffffffffffff max_cycles: 0x1cd42e4dffb, max_idle_ns: 881590591483 ns
[    0.000000] Zone ranges:
[    0.000000]   DMA      [mem 0x0000000000001000-0x0000000000ffffff]
[    0.000000]   DMA32    [mem 0x0000000001000000-0x000000003ffeffff]
[    0.000000]   Normal   empty
[    0.000000]   Device   empty
[    0.000000] Movable zone start for each node
[    0.000000] Early memory node ranges
[    0.000000]   node   0: [mem 0x0000000000001000-0x000000000009efff]
[    0.000000]   node   0: [mem 0x0000000000100000-0x000000003ffeffff]
[    0.000000] Initmem setup node 0 [mem 0x0000000000001000-0x000000003ffeffff]
[    0.000000] ACPI: PM-Timer IO Port: 0x4008
[    0.000000] IOAPIC[0]: apic_id 2, version 32, address 0xfec00000, GSI 0-23
[    0.000000] ACPI: INT_SRC_OVR (bus 0 bus_irq 0 global_irq 2 dfl dfl)
[    0.000000] ACPI: INT_SRC_OVR (bus 0 bus_irq 9 global_irq 9 high level)
[    0.000000] Using ACPI (MADT) for SMP configuration information
[    0.000000] smpboot: Allowing 2 CPUs, 0 hotplug CPUs
[    0.000000] PM: Registered nosave memory: [mem 0x00000000-0x00000fff]
[    0.000000] PM: Registered nosave memory: [mem 0x0009f000-0x0009ffff]
[    0.000000] PM: Registered nosave memory: [mem 0x000a0000-0x000effff]
[    0.000000] PM: Registered nosave memory: [mem 0x000f0000-0x000fffff]
[    0.000000] e820: [mem 0x40000000-0xfebfffff] available for PCI devices
[    0.000000] Booting paravirtualized kernel on KVM
[    0.000000] clocksource: refined-jiffies: mask: 0xffffffff max_cycles: 0xffffffff, max_idle_ns: 7645519600211568 ns
[    0.000000] setup_percpu: NR_CPUS:512 nr_cpumask_bits:512 nr_cpu_ids:2 nr_node_ids:1
[    0.000000] PERCPU: Embedded 33 pages/cpu @ffff88003fc00000 s98264 r8192 d28712 u1048576
[    0.000000] PV qspinlock hash table entries: 256 (order: 0, 4096 bytes)
[    0.000000] Built 1 zonelists in Node order, mobility grouping on.  Total pages: 257913
[    0.000000] Policy zone: DMA32
[    0.000000] Kernel command line: BOOT_IMAGE=/boot/vmlinuz-4.4.0-64-generic root=LABEL=cloudimg-rootfs ro console=tty1 console=ttyS0
[    0.000000] PID hash table entries: 4096 (order: 3, 32768 bytes)
[    0.000000] Memory: 1001736K/1048120K available (8452K kernel code, 1293K rwdata, 3980K rodata, 1488K init, 1316K bss, 46384K reserved, 0K cma-reserved)
[    0.000000] SLUB: HWalign=64, Order=0-3, MinObjects=0, CPUs=2, Nodes=1
[    0.000000] Hierarchical RCU implementation.
[    0.000000] 	Build-time adjustment of leaf fanout to 64.
[    0.000000] 	RCU restricting CPUs from NR_CPUS=512 to nr_cpu_ids=2.
[    0.000000] RCU: Adjusting geometry for rcu_fanout_leaf=64, nr_cpu_ids=2
[    0.000000] NR_IRQS:33024 nr_irqs:440 16
[    0.000000] Console: colour VGA+ 80x25
[    0.000000] console [tty1] enabled
[    0.000000] console [ttyS0] enabled
[    0.000000] tsc: Detected 2808.044 MHz processor
[    4.017245] Calibrating delay loop (skipped) preset value.. 5616.08 BogoMIPS (lpj=11232176)
[    4.019395] pid_max: default: 32768 minimum: 301
[    4.020650] ACPI: Core revision 20150930
[    4.022489] ACPI: 2 ACPI AML tables successfully acquired and loaded
[    4.024333] Security Framework initialized
[    4.025340] Yama: becoming mindful.
[    4.026335] AppArmor: AppArmor initialized
[    4.027402] Dentry cache hash table entries: 131072 (order: 8, 1048576 bytes)
[    4.029264] Inode-cache hash table entries: 65536 (order: 7, 524288 bytes)
[    4.03167Mount-cache hash table entries: 2048 (order: 2, 16384 bytes)
[    4.144537] Mountpoint-cache hash table entries: 2048 (order: 2, 16384 bytes)
[    4.195170] Initializing cgroup subsys io
[    4.217622] Initializing cgroup subsys memory
[    4.299044] Initializing cgroup subsys devices
[    4.354863] Initializing cgroup subsys freezer
[    4.370408] Initializing cgroup subsys net_cls
[    4.379736] Initializing cgroup subsys perf_event
[    4.381309] Initializing cgroup subsys net_prio
[    4.383119] Initializing cgroup subsys hugetlb
[    4.384979] Initializing cgroup subsys pids
[    4.433123] CPU: Physical Processor ID: 0
[    4.511090] CPU: Processor Core ID: 0
[    4.533460] mce: CPU supports 0 MCE banks
[    4.612615] Last level iTLB entries: 4KB 64, 2MB 8, 4MB 8
[    4.701249] Last level dTLB entries: 4KB 64, 2MB 0, 4MB 0, 1GB 4
[    4.804208] Freeing SMP alternatives memory: 32K (ffffffff820b9000 - ffffffff820c1000)
[    4.917661] ftrace: allocating 32123 entries in 126 pages
[    5.037309] smpboot: APIC(0) Converting physical 0 to logical package 0
[    5.093157] smpboot: Max logical packages: 1
[    5.149248] x2apic enabled
[    5.168724] Switched APIC routing to physical x2apic.
[    5.222093] ..TIMER: vector=0x30 apic1=0 pin1=2 apic2=-1 pin2=-1
[    5.396760] smpboot: CPU0: Intel(R) Core(TM) i7-6600U CPU @ 2.60GHz (family: 0x6, model: 0x4e, stepping: 0x3)
[    5.493441] Performance Events: unsupported p6 CPU model 78 no PMU driver, software events only.
[    5.607254] KVM setup paravirtual spinlock
[    5.677665] x86: Booting SMP configuration:
[    5.704563] .... node  #0, CPUs:      #1
[    5.754122] kvm-clock: cpu 1, msr 0:3ffe3041, secondary cpu clock
[    5.756731] mce: CPU supports 0 MCE banks
[    5.759642] x86: Booted up 1 node, 2 CPUs
[    5.819606] smpboot: Total of 2 processors activated (11232.17 BogoMIPS)
[    5.890110] devtmpfs: initialized
[    5.964310] evm: security.selinux
[    6.003674] evm: security.SMACK64
[    6.052400] evm: security.SMACK64EXEC
[    6.104190] evm: security.SMACK64TRANSMUTE
[    6.153009] evm: security.SMACK64MMAP
[    6.176581] evm: security.ima
[    6.199713] evm: security.capability
[    6.238869] clocksource: jiffies: mask: 0xffffffff max_cycles: 0xffffffff, max_idle_ns: 7645041785100000 ns
[    6.343089] pinctrl core: initialized pinctrl subsystem
[    6.401169] RTC time: 10:05:21, date: 04/12/17
[    6.447914] NET: Registered protocol family 16
[    6.506326] cpuidle: using governor ladder
[    6.525666] cpuidle: using governor menu
[    6.573929] PCCT header not found.
[    6.628632] ACPI: bus type PCI registered
[    6.697115] acpiphp: ACPI Hot Plug PCI Controller Driver version: 0.5
[    6.765093] PCI: Using configuration type 1 for base access
[    6.877709] ACPI: Added _OSI(Module Device)
[    6.892993] ACPI: Added _OSI(Processor Device)
[    6.903812] ACPI: Added _OSI(3.0 _SCP Extensions)
[    6.911971] ACPI: Added _OSI(Processor Aggregator Device)
[    6.947431] ACPI: Executed 1 blocks of module-level executable AML code
[    6.957776] ACPI: Interpreter enabled
[    7.000438] ACPI: (supports S0 S5)
[    7.001534] ACPI: Using IOAPIC for interrupt routing
[    7.003202] PCI: Using host bridge windows from ACPI; if necessary, use "pci=nocrs" and report a bug
[    7.008887] ACPI: PCI Root Bridge [PCI0] (domain 0000 [bus 00-ff])
[    7.010424] acpi PNP0A03:00: _OSC: OS supports [ASPM ClockPM Segments MSI]
[    7.012279] acpi PNP0A03:00: _OSC failed (AE_NOT_FOUND); disabling ASPM
[    7.013938] acpi PNP0A03:00: fail to add MMCONFIG information, can't access extended PCI configuration space under this bridge.
[    7.016919] PCI host bridge to bus 0000:00
[    7.018011] pci_bus 0000:00: root bus resource [io  0x0000-0x0cf7 window]
[    7.019614] pci_bus 0000:00: root bus resource [io  0x0d00-0xffff window]
[    7.021264] pci_bus 0000:00: root bus resource [mem 0x000a0000-0x000bffff window]
[    7.023217] pci_bus 0000:00: root bus resource [mem 0x40000000-0xffdfffff window]
[    7.025183] pci_bus 0000:00: root bus resource [bus 00-ff]
[    7.028065] pci 0000:00:01.1: legacy IDE quirk: reg 0x10: [io  0x01f0-0x01f7]
[    7.029885] pci 0000:00:01.1: legacy IDE quirk: reg 0x14: [io  0x03f6]
[    7.038982] pci 0000:00:01.1: legacy IDE quirk: reg 0x18: [io  0x0170-0x0177]
[    7.071573] pci 0000:00:01.1: legacy IDE quirk: reg 0x1c: [io  0x0376]
[    7.201263] pci 0000:00:07.0: quirk: [io  0x4000-0x403f] claimed by PIIX4 ACPI
[    7.317048] pci 0000:00:07.0: quirk: [io  0x4100-0x410f] claimed by PIIX4 SMB
[    7.425664] ACPI: PCI Interrupt Link [LNKA] (IRQs 5 9 10 *11)
[    7.471885] ACPI: PCI Interrupt Link [LNKB] (IRQs 5 9 10 *11)
[    7.553501] ACPI: PCI Interrupt Link [LNKC] (IRQs 5 9 *10 11)
[    7.668081] ACPI: PCI Interrupt Link [LNKD] (IRQs 5 *9 10 11)
[    7.783739] ACPI: Enabled 2 GPEs in block 00 to 07
[    7.862627] vgaarb: setting as boot device: PCI:0000:00:02.0
[    7.935775] vgaarb: device added: PCI:0000:00:02.0,decodes=io+mem,owns=io+mem,locks=none
[    8.079945] vgaarb: loaded
[    8.133939] vgaarb: bridge control possible 0000:00:02.0
[    8.211266] SCSI subsystem initialized
[    8.285202] ACPI: bus type USB registered
[    8.362878] usbcore: registered new interface driver usbfs
[    8.398167] usbcore: registered new interface driver hub
[    8.414773] usbcore: registered new device driver usb
[    8.451754] PCI: Using ACPI for IRQ routing
[    8.461003] NetLabel: Initializing
[    8.485581] NetLabel:  domain hash size = 128
[    8.532697] NetLabel:  protocols = UNLABELED CIPSOv4
[    8.558844] NetLabel:  unlabeled traffic allowed by default
[    8.565926] amd_nb: Cannot enumerate AMD northbridges
[    8.567203] clocksource: Switched to clocksource kvm-clock
[    8.653404] AppArmor: AppArmor Filesystem Enabled
[    8.793638] pnp: PnP ACPI init
[    8.840608] pnp: PnP ACPI: found 3 devices
[    8.922218] clocksource: acpi_pm: mask: 0xffffff max_cycles: 0xffffff, max_idle_ns: 2085701024 ns
[    9.114759] NET: Registered protocol family 2
[    9.216833] TCP established hash table entries: 8192 (order: 4, 65536 bytes)
[    9.385596] TCP bind hash table entries: 8192 (order: 5, 131072 bytes)
[    9.501235] TCP: Hash tables configured (established 8192 bind 8192)
[    9.624745] UDP hash table entries: 512 (order: 2, 16384 bytes)
[    9.763657] UDP-Lite hash table entries: 512 (order: 2, 16384 bytes)
[    9.929582] NET: Registered protocol family 1
[   10.000428] pci 0000:00:00.0: Limiting direct PCI/PCI transfers
[   10.091943] pci 0000:00:01.0: Activating ISA DMA hang workarounds
[   10.160618] Trying to unpack rootfs image as initramfs...
[   12.154671] Freeing initrd memory: 10840K (ffff880036ac4000 - ffff88003755a000)
[   12.222143] platform rtc_cmos: registered platform RTC device (no PNP device found)
[   12.254179] Scanning for low memory corruption every 60 seconds
[   12.356335] futex hash table entries: 512 (order: 3, 32768 bytes)
[   12.430561] audit: initializing netlink subsys (disabled)
[   12.469133] audit: type=2000 audit(1491991524.275:1): initialized
[   12.517177] Initialise system trusted keyring
[   12.537935] HugeTLB registered 2 MB page size, pre-allocated 0 pages
[   12.557611] zbud: loaded
[   12.580419] VFS: Disk quotas dquot_6.6.0
[   12.625741] VFS: Dquot-cache hash table entries: 512 (order 0, 4096 bytes)
[   12.709201] squashfs: version 4.0 (2009/01/31) Phillip Lougher
[   12.752727] fuse init (API version 7.23)
[   12.777490] Key type big_key registered
[   12.831238] Allocating IMA MOK and blacklist keyrings.
[   12.901668] Key type asymmetric registered
[   12.944867] Asymmetric key parser 'x509' registered
[   12.979314] Block layer SCSI generic (bsg) driver version 0.4 loaded (major 249)
[   13.054633] io scheduler noop registered
[   13.114918] io scheduler deadline registered (default)
[   13.135431] io scheduler cfq registered
[   13.156426] pci_hotplug: PCI Hot Plug PCI Core version: 0.5
[   13.163827] pciehp: PCI Express Hot Plug Controller Driver version: 0.4
[   13.213971] ACPI: AC Adapter [AC] (on-line)
[   13.220002] tsc: Refined TSC clocksource calibration: 2808.136 MHz
[   13.220005] clocksource: tsc: mask: 0xffffffffffffffff max_cycles: 0x287a4656068, max_idle_ns: 440795251417 ns
[   13.466030] input: Power Button as /devices/LNXSYSTM:00/LNXPWRBN:00/input/input0
[   13.554117] ACPI: Power Button [PWRF]
[   13.570724] input: Sleep Button as /devices/LNXSYSTM:00/LNXSLPBN:00/input/input1
[   13.635581] ACPI: Sleep Button [SLPF]
[   13.670076] GHES: HEST is not enabled!
[   13.670766] ACPI: Battery Slot [BAT0] (battery present)
[   13.705526] Serial: 8250/16550 driver, 32 ports, IRQ sharing enabled
[   13.813668] 00:02: ttyS0 at I/O 0x3f8 (irq = 4, base_baud = 115200) is a 16550A
[   13.901213] Linux agpgart interface v0.103
[   13.930555] brd: module loaded
[   13.980068] loop: module loaded
[   14.023826] scsi host0: ata_piix
[   14.041294] scsi host1: ata_piix
[   14.083892] ata1: PATA max UDMA/33 cmd 0x1f0 ctl 0x3f6 bmdma 0xd000 irq 14
[   14.142348] ata2: PATA max UDMA/33 cmd 0x170 ctl 0x376 bmdma 0xd008 irq 15
[   14.201320] libphy: Fixed MDIO Bus: probed
[   14.278388] tun: Universal TUN/TAP device driver, 1.6
[   14.318360] tun: (C) 1999-2004 Max Krasnyansky <maxk@qualcomm.com>
[   14.359146] PPP generic driver version 2.4.2
[   14.397692] ehci_hcd: USB 2.0 'Enhanced' Host Controller (EHCI) Driver
[   14.492502] ehci-pci: EHCI PCI platform driver
[   14.518084] ehci-platform: EHCI generic platform driver
[   14.591167] ohci_hcd: USB 1.1 'Open' Host Controller (OHCI) Driver
[   14.663155] ohci-pci: OHCI PCI platform driver
[   14.730536] ohci-platform: OHCI generic platform driver
[   14.803073] uhci_hcd: USB Universal Host Controller Interface driver
[   14.822291] i8042: PNP: PS/2 Controller [PNP0303:PS2K,PNP0f03:PS2M] at 0x60,0x64 irq 1,12
[   14.920259] serio: i8042 KBD port at 0x60,0x64 irq 1
[   14.968052] serio: i8042 AUX port at 0x60,0x64 irq 12
[   14.992778] mousedev: PS/2 mouse device common for all mice
[   15.024025] rtc_cmos rtc_cmos: rtc core: registered rtc_cmos as rtc0
[   15.124619] rtc_cmos rtc_cmos: alarms up to one day, 114 bytes nvram
[   15.181947] i2c /dev entries driver
[   15.232989] input: AT Translated Set 2 keyboard as /devices/platform/i8042/serio0/input/input2
[   15.248206] device-mapper: uevent: version 1.0.3
[   15.311823] device-mapper: ioctl: 4.34.0-ioctl (2015-10-28) initialised: dm-devel@redhat.com
[   15.365155] ledtrig-cpu: registered to indicate activity on CPUs
[   15.464798] NET: Registered protocol family 10
[   15.521370] NET: Registered protocol family 17
[   15.571795] Key type dns_resolver registered
[   15.593920] microcode: CPU0 sig=0x406e3, pf=0x2, revision=0x0
[   15.616405] microcode: CPU1 sig=0x406e3, pf=0x2, revision=0x0
[   15.639480] microcode: Microcode Update Driver: v2.01 <tigran@aivazian.fsnet.co.uk>, Peter Oruba
[   15.723226] registered taskstats version 1
[   15.768784] Loading compiled-in X.509 certificates
[   15.799521] Loaded X.509 cert 'Build time autogenerated kernel key: 11f495fa9f4186f263f5fd144a167c99990e2f12'
[   15.868148] zswap: loaded using pool lzo/zbud
[   15.921999] Key type trusted registered
[   15.990714] Key type encrypted registered
[   16.015156] AppArmor: AppArmor sha1 policy hashing enabled
[   16.080195] ima: No TPM chip found, activating TPM-bypass!
[   16.093838] evm: HMAC attrs: 0x1
[   16.098122]   Magic number: 13:460:72
[   16.107337] rtc_cmos rtc_cmos: setting system clock to 2017-04-12 10:05:31 UTC (1491991531)
[   16.135535] BIOS EDD facility v0.16 2004-Jun-25, 0 devices found
[   16.215913] EDD information not available.
[   16.286992] Freeing unused kernel memory: 1488K (ffffffff81f45000 - ffffffff820b9000)
[   16.365474] Write protecting the kernel read-only data: 14336k
[   16.456857] Freeing unused kernel memory: 1776K (ffff880001844000 - ffff880001a00000)
[   16.576753] Freeing unused kernel memory: 116K (ffff880001de3000 - ffff880001e00000)
Loading, please [   16.777109] random: systemd-udevd: uninitialized urandom read (16 bytes read, 5 bits of entropy available)
wait...
startin[   16.777711] random: udevadm: uninitialized urandom read (16 bytes read, 5 bits of entropy available)
g version 229
[   16.777739] random: udevadm: uninitialized urandom read (16 bytes read, 5 bits of entropy available)
[   16.777828] random: udevadm: uninitialized urandom read (16 bytes read, 5 bits of entropy available)
[   16.777861] random: udevadm: uninitialized urandom read (16 bytes read, 5 bits of entropy available)
[   16.777912] random: udevadm: uninitialized urandom read (16 bytes read, 5 bits of entropy available)
[   16.777952] random: udevadm: uninitialized urandom read (16 bytes read, 5 bits of entropy available)
[   16.777985] random: udevadm: uninitialized urandom read (16 bytes read, 5 bits of entropy available)
[   16.778026] random: udevadm: uninitialized urandom read (16 bytes read, 5 bits of entropy available)
[   16.778067] random: udevadm: uninitialized urandom read (16 bytes read, 5 bits of entropy available)
[   18.020191] e1000: Intel(R) PRO/1000 Network Driver - version 7.3.21-k8-NAPI
[   18.059960] e1000: Copyright (c) 1999-2006 Intel Corporation.
[   18.131610] Fusion MPT base driver 3.04.20
[   18.180261] Copyright (c) 1999-2008 LSI Corporation
[   18.248427] Fusion MPT SPI Host driver 3.04.20
[   18.300468] AVX version of gcm_enc/dec engaged.
[   18.337497] AES CTR mode by8 optimization enabled
[   18.500298] input: ImExPS/2 Generic Explorer Mouse as /devices/platform/i8042/serio1/input/input4
[   18.603814] e1000 0000:00:03.0 eth0: (PCI:33MHz:32-bit) 02:12:d7:8c:92:fa
[   18.721979] e1000 0000:00:03.0 eth0: Intel(R) PRO/1000 Network Connection
[   19.087477] e1000 0000:00:08.0 eth1: (PCI:33MHz:32-bit) 08:00:27:eb:86:47
[   19.223312] e1000 0000:00:08.0 eth1: Intel(R) PRO/1000 Network Connection
[   19.360545] e1000 0000:00:03.0 enp0s3: renamed from eth0
[   19.411606] mptbase: ioc0: Initiating bringup
[   19.435668] e1000 0000:00:08.0 enp0s8: renamed from eth1
[   19.523571] ioc0: LSI53C1030 A0: Capabilities={Initiator}
[   19.726624] scsi host2: ioc0: LSI53C1030 A0, FwRev=00000000h, Ports=1, MaxQ=256, IRQ=20
[   20.008998] scsi 2:0:0:0: Direct-Access     VBOX     HARDDISK         1.0  PQ: 0 ANSI: 5
[   20.092510] scsi target2:0:0: Beginning Domain Validation
[   20.096247] scsi target2:0:0: Domain Validation skipping write tests
[   20.157820] scsi target2:0:0: Ending Domain Validation
[   20.250945] scsi target2:0:0: asynchronous
[   20.283905] scsi 2:0:1:0: Direct-Access     VBOX     HARDDISK         1.0  PQ: 0 ANSI: 5
[   20.374298] scsi target2:0:1: Beginning Domain Validation
[   20.409007] scsi target2:0:1: Domain Validation skipping write tests
[   20.478266] scsi target2:0:1: Ending Domain Validation
[   20.522399] scsi target2:0:1: asynchronous
[   20.528917] sd 2:0:0:0: [sda] 20971520 512-byte logical blocks: (10.7 GB/10.0 GiB)
[   20.528964] sd 2:0:0:0: Attached scsi generic sg0 type 0
[   20.595856] sd 2:0:1:0: Attached scsi generic sg1 type 0
[   20.611307] sd 2:0:0:0: [sda] Write Protect is off
[   20.612670] sd 2:0:0:0: [sda] Incomplete mode parameter data
[   20.613254] sd 2:0:1:0: [sdb] 20480 512-byte logical blocks: (10.5 MB/10.0 MiB)
[   20.633512] sd 2:0:0:0: [sda] Assuming drive cache: write through
[   20.635897] sd 2:0:1:0: [sdb] Write Protect is off
[   20.691266] sd 2:0:1:0: [sdb] Incomplete mode parameter data
[   20.698229]  sda: sda1
[   20.735783] sd 2:0:0:0: [sda] Attached SCSI disk
[   20.879194] sd 2:0:1:0: [sdb] Assuming drive cache: write through
[   20.968351] sd 2:0:1:0: [sdb] Attached SCSI disk
[   21.239777] floppy0: no floppy controllers found
Begin: Loading e[   22.625684] md: linear personality registered for level -1
ssential drivers[   22.697953] md: multipath personality registered for level -4
 ... [   22.782130] md: raid0 personality registered for level 0
[   22.789189] md: raid1 personality registered for level 1
[   22.867346] raid6: sse2x1   gen()  7812 MB/s
[   23.019353] raid6: sse2x1   xor()  5277 MB/s
[   23.191336] raid6: sse2x2   gen()  9860 MB/s
[   23.271337] raid6: sse2x2   xor()  6864 MB/s
[   23.399384] raid6: sse2x4   gen() 11235 MB/s
[   23.523309] raid6: sse2x4   xor()  7798 MB/s
[   23.577155] raid6: using algorithm sse2x4 gen() 11235 MB/s
[   23.629756] raid6: .... xor() 7798 MB/s, rmw enabled
[   23.693559] raid6: using ssse3x2 recovery algorithm
[   23.741193] xor: automatically using best checksumming function:
[   23.860156]    avx       : 22343.000 MB/sec
[   23.869935] async_tx: api initialized (async)
[   23.909966] md: raid6 personality registered for level 6
[   23.995724] md: raid5 personality registered for level 5
[   24.003618] md: raid4 personality registered for level 4
[   24.011184] md: raid10 personality registered for level 10
done.
Begin: Running /scripts/init-premount ... done[   24.086706] Btrfs loaded
.
Begin: Mounting root file system ... Begin: Running /scripts/local-top ... do[   24.167650] EXT4-fs (sda1): mounted filesystem with ordered data mode. Opts: (null)
ne.
Begin: Running /scripts/local-premount ... Scanning for Btrfs filesystems
done.
Warning: fsck not present, so skipping root file system
done.
Begin: Running /scripts/local-bottom ... done.
Begin: Running /scripts/init-bottom ... done.
[   24.506464] systemd[1]: systemd 229 running in system mode. (+PAM +AUDIT +SELINUX +IMA +APPARMOR +SMACK +SYSVINIT +UTMP +LIBCRYPTSETUP +GCRYPT +GNUTLS +ACL +XZ -LZ4 +SECCOMP +BLKID +ELFUTILS +KMOD -IDN)
[   24.708493] systemd[1]: Detected virtualization oracle.
[   24.771834] systemd[1]: Detected architecture x86-64.

Welcome to [1mUbuntu 16.04.2 LTS[0m!

[   24.851184] systemd[1]: Set hostname to <ubuntu>.
[   24.855572] systemd[1]: Initializing machine ID from random generator.
[   24.913973] systemd[1]: Installed transient /etc/machine-id file.
[   25.036911] systemd[1]: Listening on Syslog Socket.
[[0;32m  OK  [0m] Listening on Syslog Socket.
[   25.125444] systemd[1]: Reached target Encrypted Volumes.
[[0;32m  OK  [0m] Reached target Encrypted Volumes.
[   25.260607] systemd[1]: Listening on udev Control Socket.
[[0;32m  OK  [0m] Listening on udev Control Socket.
[   25.412683] systemd[1]: Set up automount Arbitrary Executable File Formats File System Automount Point.
[[0;32m  OK  [0m] Set up automount Arbitrary Executab...ats File System Automount Point.
[   25.676477] systemd[1]: Created slice System Slice.
[[0;32m  OK  [0m] Created slice System Slice.
[   25.695911] systemd[1]: Listening on udev Kernel Socket.
[[0;32m  OK  [0m] Listening on udev Kernel Socket.
[   25.847567] systemd[1]: Listening on Device-mapper event daemon FIFOs.
[[0;32m  OK  [0m] Listening on Device-mapper event daemon FIFOs.
[   25.994842] systemd[1]: Created slice system-serial\x2dgetty.slice.
[[0;32m  OK  [0m] Created slice system-serial\x2dgetty.slice.
[   26.013979] systemd[1]: Listening on LVM2 poll daemon socket.
[[0;32m  OK  [0m] Listening on LVM2 poll daemon socket.
[   26.160135] systemd[1]: Listening on Journal Socket.
[[0;32m  OK  [0m] Listening on Journal Socket.
[   26.287578] systemd[1]: Starting Uncomplicated firewall...
         Starting Uncomplicated firewall...
[   26.455663] systemd[1]: Starting Create list of required static device nodes for the current kernel...
[   26.464866] random: nonblocking pool is initialized
         Starting Create list of required st... nodes for the current kernel...
[   26.811450] systemd[1]: Starting Nameserver information manager...
         Starting Nameserver information manager...
[   26.891632] systemd[1]: Starting Set console keymap...
         Starting Set console keymap...
[   26.914098] systemd[1]: Starting Remount Root and Kernel File Systems...
         Startin[   27.002625] EXT4-fs (sda1): re-mounted. Opts: (null)
g Remount Root and Kernel File Systems...
[   27.019354] systemd[1]: Mounting POSIX Message Queue File System...
         Mounting POSIX Message Queue File System...
[   27.118995] systemd[1]: Mounting Debug File System...
         Mounting Debug File System...
[   27.295655] systemd[1]: Created slice User and Session Slice.
[[0;32m  OK  [0m] Created slice User and Session Slice.
[   27.309596] systemd[1]: Reached target Slices.
[[0;32m  OK  [0m] Reached target Slices.
[   27.412358] systemd[1]: Listening on Journal Audit Socket.
[[0;32m  OK  [0m] Listening on Journal Audit Socket.
[   27.599922] systemd[1]: Reached target User and Group Name Lookups.
[[0;32m  OK  [0m] Reached target User and Group Name Lookups.
[   27.790546] systemd[1]: Reached target Swap.
[[0;32m  OK  [0m] Reached target Swap.
[   27.931981] systemd[1]: Listening on LVM2 metadata daemon socket.
[[0;32m  OK  [0m] Listening on LVM2 metadata daemon socket.
[   28.015386] systemd[1]: Starting Monitoring of LVM2 mirrors, snapshots etc. using dmeventd or progress polling...
         Starting Monitoring of LVM2 mirrors... dmeventd or progress polling...
[   28.240565] systemd[1]: Started Forward Password Requests to Wall Directory Watch.
[[0;32m  OK  [0m] Started Forward Password Requests to Wall Directory Watch.
[   28.424108] systemd[1]: Listening on /dev/initctl Compatibility Named Pipe.
[[0;32m  OK  [0m] Listening on /dev/initctl Compatibility Named Pipe.
[   28.559940] systemd[1]: Starting Load Kernel Modules...
[   28.579757] Loading iSCSI transport class v2.0-870.
         Starting Load Kernel Modules...
[   28.620539] systemd[1]: Mounting Huge Pages File System...
[   28.659034] iscsi: registered transport (tcp)
         Mounting Huge Pages File System...
[   28.781433] iscsi: registered transport (iser)
[   28.860514] systemd[1]: Listening on Journal Socket (/dev/log).
[[0;32m  OK  [0m] Listening on Journal Socket (/dev/log).
[   28.951885] systemd[1]: Starting Journal Service...
         Starting Journal Service...
[   28.957017] systemd[1]: Mounted Huge Pages File System.
[[0;32m  OK  [0m] Mounted Huge Pages File System.
[   28.964939] systemd[1]: Mounted Debug File System.
[[0;32m  OK  [0m] Mounted Debug File System.
[   29.043436] systemd[1]: Mounted POSIX Message Queue File System.
[[0;32m  OK  [0m] Mounted POSIX Message Queue File System.
[   29.053288] systemd[1]: Started Journal Service.
[[0;32m  OK  [0m] Started Journal Service.
[[0;32m  OK  [0m] Started Uncomplicated firewall.
[[0;32m  OK  [0m] Started Create list of required sta...ce nodes for the current kernel.
[[0;32m  OK  [0m] Started Set console keymap.
[[0;32m  OK  [0m] Started Remount Root and Kernel File Systems.
[[0;32m  OK  [0m] Started Load Kernel Modules.
[[0;32m  OK  [0m] Started Nameserver information manager.
[[0;32m  OK  [0m] Started LVM2 metadata daemon.
         Starting Apply Kernel Variables...
         Mounting FUSE Control File System...
         Starting udev Coldplug all Devices...
         Starting Load/Save Random Seed...
         Starting Initial cloud-init job (pre-networking)...
         Starting Create Static Device Nodes in /dev...
         Starting Flush Journal to Persistent Storage...
[[0;32m  OK  [0m] Mounted FUSE Control File System.
[[0;32m  OK  [0m] Started Apply Kernel Variables.
[[0;32m  OK  [0m] Started Load/Save Random Seed.
[[0;32m  OK  [0m] Started Create Static Device Nodes in /dev.
[[0;32m  OK  [0m] Started udev Coldplug all Devices.
[[0;32m  OK  [0m] Started Flush Journal to Persistent Storage.
[[0;32m  OK  [0m] Started Monitoring of LVM2 mirrors,...ng dmeventd or progress polling.
         Starting udev Kernel Device Manager...
[[0;32m  OK  [0m] Started udev Kernel Device Manager.
[[0;32m  OK  [0m] Reached target Local File Systems (Pre).
[[0;32m  OK  [0m] Reached target Local File Systems.
         Starting Tell Plymouth To Write Out Runtime Data...
         Starting Commit a transient machine-id on disk...
         Starting Set console font and keymap...
         Starting Create Volatile Files and Directories...
         Starting LSB: AppArmor initialization...
[[0;32m  OK  [0m] Started Dispatch Password Requests to Console Directory Watch.
[[0;32m  OK  [0m] Started Tell Plymouth To Write Out Runtime Data.
[[0;32m  OK  [0m] Started Commit a transient machine-id on disk.
[[0;32m  OK  [0m] Started Create Volatile Files and Directories.
[   22.688648] cloud-init[478]: Cloud-init v. 0.7.8 running 'init-local' at Wed, 12 Apr 2017 10:05:45 +0000. Up 22.28 seconds.
[[0;32m  OK  [0m] Started Set console font and keymap.
[[0;32m  OK  [0m] Started Initial cloud-init job (pre-networking).
[[0;32m  OK  [0m] Found device /dev/ttyS0.
[[0;32m  OK  [0m] Listening on Load/Save RF Kill Switch Status /dev/rfkill Watch.
[[0;32m  OK  [0m] Reached target Network (Pre).
[[0;32m  OK  [0m] Created slice system-getty.slice.
[[0;32m  OK  [0m] Reached target System Time Synchronized.
         Starting Update UTMP about System Boot/Shutdown...
[[0;32m  OK  [0m] Started Update UTMP about System Boot/Shutdown.
[[0;32m  OK  [0m] Started LSB: AppArmor initialization.
         Starting Raise network interfaces...
[[0;32m  OK  [0m] Started Raise network interfaces.
[[0;32m  OK  [0m] Reached target Network.
         Starting Initial cloud-init job (metadata service crawler)...
[   26.562721] cloud-init[1045]: Cloud-init v. 0.7.8 running 'init' at Wed, 12 Apr 2017 10:05:49 +0000. Up 25.74 seconds.
[   26.633040] [cloud-init[0;32m  OK  [0m[1045]: ] ci-info: ++++++++++++++++++++++++++++++++++++++Net device info++++++++++++++++++++++++++++++++++++++Started Initial cloud-init job (metadata service crawler).

[   26.633691] cloud-init[[0;32m  OK  [0m] Reached target System Initialization.
[[0;32m  OK  [0m] Listening on D-Bus System Message Bus Socket.
[[0;32m  OK  [0m] Listening on UUID daemon activation socket.
[1045]: ci-info: +--------+-------+----------------------------+---------------+-------+-------------------+
[   26.916692] [cloud-init[0;32m  OK  [0m[1045]: ] ci-info: | Device |   Up  |          Address           |      Mask     | Scope |     Hw-Address    |Started ACPI Events Check.

[   26.917107] cloud-init[1045]: ci-info: +--------+-------+----------------------------+---------------+-------+-------------------+
[   27.087134]          cloud-initStarting LXD - unix socket.[1045]: 
ci-info: | enp0s8 | False |             .              |       .       |   .   | 08:00:27:eb:86:47 |
[   27.226821] cloud-init[[0;32m  OK  [0m] Started Trigger resolvconf update for networkd DNS.
[[0;32m  OK  [0m] Reached target Paths.
[[0;32m  OK  [0m] Started Timer to automatically refresh installed snaps.
[[0;32m  OK  [0m] Started Daily apt activities.
[1045]: ci-info: | enp0s3 |  True |         10.0.2.15          | 255.255.255.0 |   .   | 02:12:d7:8c:92:fa |
[   27.404661] [cloud-init[0;32m  OK  [0m[1045]: ] ci-info: | enp0s3 |  True | fe80::12:d7ff:fe8c:92fa/64 |       .       |  link | 02:12:d7:8c:92:fa |Listening on ACPID Listen Socket.

         Starting Socket activation for snappy daemon.
[[0;32m  OK  [0m] Started Daily Cleanup of Temporary Directories.
[[0;32m  OK  [0m] Reached target Timers.
[[0;32m  OK  [0m] Reached target Cloud-config availability.
[[0;32m  OK  [0m] Reached target Network is Online.
[   27.405094] cloud-init[1045]: ci-info: |   lo   |  True |         127.0.0.1          |   255.0.0.0   |   .   |         .         |
[   27.630258]          Starting iSCSI initiator daemon (iscsid)...
[[0;32m  OK  [0m] Listening on LXD - unix socket.
[[0;32m  OK  [0m] Listening on Socket activation for snappy daemon.
cloud-init[1045]: ci-info: |   lo   |  True |          ::1/128           |       .       |  host |         .         |
[   27.635769] cloud-init[1045]: ci-info: +--------+-------+----------------------------+---------------+-------+-------------------+
[   27.646693] cloud-init[1045]: ci-info: +++++++++++++++++++++++++++Route IPv4 info++++++++++++++++++++++++++++
[   27.650211] cloud-init[[0;32m  OK  [0m] Reached target Sockets.
[[0;32m  OK  [0m] Reached target Basic System.
[[0;32m  OK  [0m] Started FUSE filesystem for LXC.
[[0;32m  OK  [0m] Started Deferred execution scheduler.
[[0;32m  OK  [0m] Started D-Bus System Message Bus.
[1045]: ci-info: +-------+-------------+----------+---------------+-----------+-------+
[   27.660801] cloud-init[1045]: ci-info: | Route | Destination | Gateway  |    Genmask    | Interface | Flags |
         Starting Accounts Service...
[   27.755661] cloud-init[1045]: ci-info: +-------+-------------+----------+---------------+-----------+-------+
         Starting LSB: Record successful boot for GRUB...
[   27.839750] cloud-init[1045]: ci-info: |   0   |   0.0.0.0   | 10.0.2.2 |    0.0.0.0    |   enp0s3  |   UG  |
         Starting Apply the settings specified in cloud-config...
[   27.903856] cloud-init[1045]: ci-info: |   1   |   10.0.2.0  | 0.0.0.0  | 255.255.255.0 |   enp0s3  |   U   |
[   28.000214]          Starting /etc/rc.local Compatibility...
cloud-init[1045]: ci-info: +-------+-------------+----------+---------------+-----------+-------+
[   28.009169] cloud-init[1045]: Generating public/private rsa key pair.
[   28.056225] cloud-init[1045]: Your identification has been saved in /etc/ssh/ssh_host_rsa_key.
[   28.056381] cloud-init[1045]: Your public key has been saved in /etc/ssh/ssh_host_rsa_key.pub.
[   28.056826] cloud-init[1045]: The key fingerprint is:
[   28.057647] [[0;32m  OK  [0m] Started Regular background program processing daemon.
cloud-init[1045]: SHA256:rAmWu5y4ZZqgwABqXl/HW6kqVGT7MUw0Q/fQ6Kc55P4 root@ubuntu-xenial
[   28.073006] cloud-init[1045]: The key's randomart image is:
[   28.091921] cloud-init[1045]: +---[RSA 2048]----+
[   28.094958] cloud-init[1045]: |        o= oo    |
[   28.097319] cloud-init[1045]: |       o .+.o.   |
         Starting Login Service...
[   28.100113] cloud-init[1045]: |.     o + .  .   |
[   28.103690] cloud-init[1045]: |o    . +.+ o..   |
         Starting Pollinate to seed the pseudo random number generator...
[[0;32m  OK  [0m] Started Snappy daemon.
         Starting Auto import assertions from block devices...
[   28.113706] cloud-init[1045]: |o. .+ ..So=o+    |
[   28.131210] cloud-init[1045]: |= ...+.o..+=     |
[[0;32m  OK  [0m] Started ACPI event daemon.
         Starting System Logging Service...
         Starting LSB: MD monitoring daemon...
         Starting LXD - container startup/shutdown...
[[0;32m  OK  [0m] Started iSCSI initiator daemon (iscsid).
[[0;32m  OK  [0m] Started /etc/rc.local Compatibility.
[[0;32m  OK  [0m] Started System Logging Service.
[[0;32m  OK  [0m] Started Auto import assertions from block devices.
[   28.139312] cloud-init[1045]: |oo  =.o  o. .    |
[   28.220896] cloud-init[1045]: |o. B +  .  .     |
[   28.256878] cloud-init[1045]: |. =.+ ..    .E   |
[   28.266232] cloud-init[1045]: +----[SHA256]-----+
[   28.274543] cloud-init[1045]: Generating public/private dsa key pair.
[[0;32m  OK  [0m] Started LSB: Record successful boot for GRUB.
[   28.338955] [cloud-init[0;32m  OK  [0m[1045]: ] Your identification has been saved in /etc/ssh/ssh_host_dsa_key.Started LXD - container startup/shutdown.

         Starting Authenticate and Authorize Users to Run Privileged Tasks...
[   28.511095] cloud-init[1045]: Your public key has been saved in /etc/ssh/ssh_host_dsa_key.pub.
         Starting Login to default iSCSI targets...
[[0;32m  OK  [0m] Started LSB: MD monitoring daemon.
[[0;32m  OK  [0m] Started Login Service.
[[0;32m  OK  [0m] Started Authenticate and Authorize Users to Run Privileged Tasks.
[   28.627007] cloud-init[1045]: The key fingerprint is:
[   28.702215] [[0;32m  OK  [0m] Started Pollinate to seed the pseudo random number generator.
[[0;32m  OK  [0m] Started Accounts Service.
cloud-init[1045]: SHA256:ZS1FPo0N9JYEON4Bo9f6XdmPmK38IfFi3iTBafTu9ew root@ubuntu-xenial
[   28.745198]          Starting OpenBSD Secure Shell server...
cloud-init[1045]: The key's randomart image is:
[   28.749444] cloud-init[1045]: +---[DSA 1024]----+
[   28.752504] cloud-init[1045]: |          o=*..  |
[[0;32m  OK  [0m] Started OpenBSD Secure Shell server.
[   28.770001] cloud-init[1045]: |         .o*.B . |
[   28.775401] cloud-init[1045]: |        ..=oB.*  |
[   28.777915] cloud-init[1045]: |         +.=.=  o|
[   28.805130] [[0;32m  OK  [0m] Started Login to default iSCSI targets.
cloud-init[1045]: |        S . * ..o|
[   28.860422] [cloud-init[0;32m  OK  [0m[1045]: ] |           o X o.|Reached target Remote File Systems (Pre).

[[0;32m  OK  [0m] Reached target Remote File Systems.
[   28.860776] cloud-init[1045]: |            O O o|
[   29.017179]          cloud-initStarting LSB: VirtualBox Linux Additions...[1045]: 
|           + O +.|
[   29.017818] cloud-init[1045]: |            +.+.E|
[   29.050698] cloud-init[1045]: +----[SHA256]-----+
[   29.053091] cloud-init[1045]: Generating public/private ecdsa key pair.
[   29.068283] cloud-init         Starting LSB: Set the CPU Frequency Scaling governor to "ondemand"...
         Starting Permit User Sessions...
[1045]: Your identification has been saved in /etc/ssh/ssh_host_ecdsa_key.
[   29.107246]          Starting LSB: daemon to balance interrupts for SMP systems...
cloud-init[1045]: Your public key has been saved in /etc/ssh/ssh_host_ecdsa_key.pub.
[   29.152437] cloud-init[1045]: The key fingerprint is:
         Starting LSB: automatic crash report generation...
[   29.152654] cloud-init[1045]: SHA256:2tykZpIBIFKV6M08OyhH+DHbdSaamHE5zUCrX6rQVTs root@ubuntu-xenial
[   29.187409] cloud-init[1045]: The key's randomart image is:
[   29.187982] cloud-init[1045]: +---[ECDSA 256]---+
[[0;32m  OK  [0m] Started Permit User Sessions.
[   29.188162] cloud-init[1045]: |o.o+o.           |
[   29.232680] cloud-init[1045]: |....o.           |
[   29.232969] cloud-init[1045]: | o +o=.          |
[[0;32m  OK  [0m] Started LSB: Set the CPU Frequency Scaling governor to "ondemand".
[   29.233103] cloud-init[1045]: |. *.Oo=.o        |
[   29.305890] cloud-init[1045]: | o.@.BE+S .      |
[   29.306310] cloud-init[1045]: |..Bo*o B +       |
[[0;32m  OK  [0m] Started LSB: VirtualBox Linux Additions.
[   29.306951] cloud-init[1045]: |.o. o.+ * .      |
         Starting Terminate Plymouth Boot Screen...
[   29.397679] cloud-init[1045]: | . .   +         |
[   29.419144]          Starting Hold until boot process finishes up...
cloud-init[1045]: |  .              |
[[0;32m  OK  [0m] Started LSB: daemon to balance interrupts for SMP systems.
[[0;32m  OK  [0m] Started LSB: automatic crash report generation.
[[0;32m  OK  [0m] Started Terminate Plymouth Boot Screen.
[[0;32m  OK  [0m] Started Hold until boot process finishes up.
[   29.461197] cloud-init[1045]: +----[SHA256]-----+
[   29.657179] cloud-init[1045]: Generating public/private ed25519 key pair.
[   29.704276] cloud-init[1045]: Your identification has been saved in /etc/ssh/ssh_host_ed25519_key.
[[0;32m  OK  [0m] Started Getty on tty1.
[   29.783653] cloud-init[1045]: Your public key has been saved in /etc/ssh/ssh_host_ed25519_key.pub.
[   29.805589]          cloud-initStarting Set console scheme...[1045]: 
The key fingerprint is:
[   29.806951] cloud-init[1045]: SHA256:K6dih6557hoNs4zqPVXc5/TU0RAXQC4xWELvx5w7GXc root@ubuntu-xenial
[   29.877642] cloud-init[1045]: The key's randomart image is:
[[0;32m  OK  [0m] Started Serial Getty on ttyS0.
[[0;32m  OK  [0m] Reached target Login Prompts.
[[0;32m  OK  [0m] Reached target Multi-User System.
[[0;32m  OK  [0m] Reached target Graphical Interface.
[   29.957963] cloud-init[1045]: +--[ED25519 256]--+
         Starting Update UTMP about System Runlevel Changes...
[   30.055987] [cloud-init[0;32m  OK  [0m[1045]: ] |        .oo+.o+++|Started Set console scheme.

[   30.111561] cloud-init[1045]: |         .o +  o.|
[   30.114014] cloud-init[[0;32m  OK  [0m] Started Update UTMP about System Runlevel Changes.
[1045]: |      . .  o .. .|
[   30.140590]          Stopping OpenBSD Secure Shell server...
cloud-init[1045]: |       o ..o+... |
[   30.191812] cloud-init[1045]: |  o   . S +.o* .E|
[   30.192712] cloud-init[1045]: | o = .   . ...= .|
[   30.192829] cloud-init[1045]: |. + o.. o    +   |
[   30.192909] cloud-init[1045]: |. .+= .+      .  |
[[   30.192999] [0;32m  OK  [0mcloud-init] [1045]: Stopped OpenBSD Secure Shell server.|o.+X=o.          |

[   30.193091] cloud-init[1045]: +----[SHA256]-----+
         Starting OpenBSD Secure Shell server...
[[0;32m  OK  [0m] Started OpenBSD Secure Shell server.
[   30.326605] cloud-init[1163]: Generating locales (this might take a while)...
[   30.330078] cloud-init[1163]:   en_US.UTF-8... done
[   30.352827] cloud-init[1163]: Generation complete.
[[0;32m  OK  [0m] Created slice User Slice of ubuntu.
         Starting User Manager for UID 1000...
[[0;32m  OK  [0m] Started Session 1 of user ubuntu.
[[0;32m  OK  [0m] Started User Manager for UID 1000.
[   30.688824] cloud-init[1163]: Cloud-init v. 0.7.8 running 'modules:config' at Wed, 12 Apr 2017 10:05:51 +0000. Up 28.58 seconds.
[[0;32m  OK  [0m] Started Apply the settings specified in cloud-config.
         Starting Execute cloud user/final scripts...
ci-info: no authorized ssh keys fingerprints found for user ubuntu.
<14>Apr 12 10:05:54 ec2: 
<14>Apr 12 10:05:54 ec2: #############################################################
<14>Apr 12 10:05:54 ec2: -----BEGIN SSH HOST KEY FINGERPRINTS-----
<14>Apr 12 10:05:54 ec2: 1024 SHA256:ZS1FPo0N9JYEON4Bo9f6XdmPmK38IfFi3iTBafTu9ew root@ubuntu-xenial (DSA)
<14>Apr 12 10:05:54 ec2: 256 SHA256:2tykZpIBIFKV6M08OyhH+DHbdSaamHE5zUCrX6rQVTs root@ubuntu-xenial (ECDSA)
<14>Apr 12 10:05:54 ec2: 256 SHA256:K6dih6557hoNs4zqPVXc5/TU0RAXQC4xWELvx5w7GXc root@ubuntu-xenial (ED25519)
<14>Apr 12 10:05:54 ec2: 2048 SHA256:rAmWu5y4ZZqgwABqXl/HW6kqVGT7MUw0Q/fQ6Kc55P4 root@ubuntu-xenial (RSA)
<14>Apr 12 10:05:54 ec2: -----END SSH HOST KEY FINGERPRINTS-----
<14>Apr 12 10:05:54 ec2: #############################################################
-----BEGIN SSH HOST KEY KEYS-----
ecdsa-sha2-nistp256 AAAAE2VjZHNhLXNoYTItbmlzdHAyNTYAAAAIbmlzdHAyNTYAAABBBBeLVZOzl0HPLp+RNh7aQwXENOrqrzki6nmxl/KDleB/VOSNRMLXAmv5kP2CL6nhd1lPNo748Ym1mSRw01nw3zk= root@ubuntu-xenial
ssh-ed25519 AAAAC3NzaC1lZDI1NTE5AAAAILdCwhXOkfEkFlAzhdbav47U2oXNyii31dRO0UfkGl0g root@ubuntu-xenial
ssh-rsa AAAAB3NzaC1yc2EAAAADAQABAAABAQDV29DZyh+Q4YE0fp4feKdfyvgp7OC1dSg/hYpiOvZ/UmsrSoTZhUAVzPF6eBTIqBVn7mLgHSF6vCMbt+XiyzIK3sXWfk4Vcz13dj4tI+U2e4qBasLBYrBGga/YnVmO+9uzqf1HWoL3BOC0KcorEMhR3/G+RHvQW7dnc5FJKBhOxPhN4TaoC8D5tTutrgWHiaIi9sQHuBNR2PmBTE6ATQ5yzeIYXmOUj2UtgHDLKW6pt7lU16NrXCjsFWCqrklRyqHo0wol//maqGiz9FscPHDqX2InzQ2yzrhd2BpQF5phFU//E93dkaG/GWWRkXX29SQ3DjdeQCrysyc/mk/YFwf3 root@ubuntu-xenial
-----END SSH HOST KEY KEYS-----
[   32.289556] cloud-init[1491]: Cloud-init v. 0.7.8 running 'modules:final' at Wed, 12 Apr 2017 10:05:54 +0000. Up 31.23 seconds.
[   32.436557] [cloud-init[0;32m  OK  [0m[1491]: ] ci-info: no authorized ssh keys fingerprints found for user ubuntu.Started Execute cloud user/final scripts.

[   32.436981] cloud-init[1491]: Cloud-init v. 0.7.8 finished at Wed, 12 Apr 2017 10:05:55 +0000. Datasource DataSourceNoCloud [seed=/dev/sdb][dsmode=net].  Up 32.27 seconds[[0;32m  OK  [0m] Reached target Cloud-init target.


Ubuntu 16.04.2 LTS ubuntu-xenial ttyS0

ubuntu-xenial login: 